error: uncaughtException: logger is not a constructor
TypeError: logger is not a constructor
    at Object.<anonymous> (F:\learning vue js\kda\kda-register-with-backend\config\database.js:4:12)
    at Module._compile (internal/modules/cjs/loader.js:1068:30)
    at Object.Module._extensions..js (internal/modules/cjs/loader.js:1097:10)
    at Module.load (internal/modules/cjs/loader.js:933:32)
    at Function.Module._load (internal/modules/cjs/loader.js:774:14)
    at Module.require (internal/modules/cjs/loader.js:957:19)
    at require (internal/modules/cjs/helpers.js:88:18)
    at Object.<anonymous> (F:\learning vue js\kda\kda-register-with-backend\app.js:10:18)
    at Module._compile (internal/modules/cjs/loader.js:1068:30)
    at Object.Module._extensions..js (internal/modules/cjs/loader.js:1097:10) {"date":"Sat Nov 20 2021 21:02:26 GMT+0600 (Bangladesh Standard Time)","error":{},"exception":true,"os":{"loadavg":[0,0,0],"uptime":25471},"process":{"argv":["C:\\Program Files\\nodejs\\node.exe","F:\\learning vue js\\kda\\kda-register-with-backend\\bin\\www"],"cwd":"F:\\learning vue js\\kda\\kda-register-with-backend","execPath":"C:\\Program Files\\nodejs\\node.exe","gid":null,"memoryUsage":{"arrayBuffers":18679485,"external":20274951,"heapTotal":33431552,"heapUsed":19410096,"rss":59568128},"pid":6420,"uid":null,"version":"v14.17.0"},"stack":"TypeError: logger is not a constructor\n    at Object.<anonymous> (F:\\learning vue js\\kda\\kda-register-with-backend\\config\\database.js:4:12)\n    at Module._compile (internal/modules/cjs/loader.js:1068:30)\n    at Object.Module._extensions..js (internal/modules/cjs/loader.js:1097:10)\n    at Module.load (internal/modules/cjs/loader.js:933:32)\n    at Function.Module._load (internal/modules/cjs/loader.js:774:14)\n    at Module.require (internal/modules/cjs/loader.js:957:19)\n    at require (internal/modules/cjs/helpers.js:88:18)\n    at Object.<anonymous> (F:\\learning vue js\\kda\\kda-register-with-backend\\app.js:10:18)\n    at Module._compile (internal/modules/cjs/loader.js:1068:30)\n    at Object.Module._extensions..js (internal/modules/cjs/loader.js:1097:10)","timestamp":"2021-11-20T15:02:26.662Z","trace":[{"column":12,"file":"F:\\learning vue js\\kda\\kda-register-with-backend\\config\\database.js","function":null,"line":4,"method":null,"native":false},{"column":30,"file":"internal/modules/cjs/loader.js","function":"Module._compile","line":1068,"method":"_compile","native":false},{"column":10,"file":"internal/modules/cjs/loader.js","function":"Module._extensions..js","line":1097,"method":".js","native":false},{"column":32,"file":"internal/modules/cjs/loader.js","function":"Module.load","line":933,"method":"load","native":false},{"column":14,"file":"internal/modules/cjs/loader.js","function":"Module._load","line":774,"method":"_load","native":false},{"column":19,"file":"internal/modules/cjs/loader.js","function":"Module.require","line":957,"method":"require","native":false},{"column":18,"file":"internal/modules/cjs/helpers.js","function":"require","line":88,"method":null,"native":false},{"column":18,"file":"F:\\learning vue js\\kda\\kda-register-with-backend\\app.js","function":null,"line":10,"method":null,"native":false},{"column":30,"file":"internal/modules/cjs/loader.js","function":"Module._compile","line":1068,"method":"_compile","native":false},{"column":10,"file":"internal/modules/cjs/loader.js","function":"Module._extensions..js","line":1097,"method":".js","native":false}]}
error: uncaughtException: logger is not a constructor
TypeError: logger is not a constructor
    at Object.<anonymous> (F:\learning vue js\kda\kda-register-with-backend\config\database.js:4:12)
    at Module._compile (internal/modules/cjs/loader.js:1068:30)
    at Object.Module._extensions..js (internal/modules/cjs/loader.js:1097:10)
    at Module.load (internal/modules/cjs/loader.js:933:32)
    at Function.Module._load (internal/modules/cjs/loader.js:774:14)
    at Module.require (internal/modules/cjs/loader.js:957:19)
    at require (internal/modules/cjs/helpers.js:88:18)
    at Object.<anonymous> (F:\learning vue js\kda\kda-register-with-backend\app.js:10:18)
    at Module._compile (internal/modules/cjs/loader.js:1068:30)
    at Object.Module._extensions..js (internal/modules/cjs/loader.js:1097:10) {"date":"Sat Nov 20 2021 21:02:36 GMT+0600 (Bangladesh Standard Time)","error":{},"exception":true,"os":{"loadavg":[0,0,0],"uptime":25480},"process":{"argv":["C:\\Program Files\\nodejs\\node.exe","F:\\learning vue js\\kda\\kda-register-with-backend\\bin\\www"],"cwd":"F:\\learning vue js\\kda\\kda-register-with-backend","execPath":"C:\\Program Files\\nodejs\\node.exe","gid":null,"memoryUsage":{"arrayBuffers":18688122,"external":20283588,"heapTotal":33431552,"heapUsed":19651856,"rss":58617856},"pid":1664,"uid":null,"version":"v14.17.0"},"stack":"TypeError: logger is not a constructor\n    at Object.<anonymous> (F:\\learning vue js\\kda\\kda-register-with-backend\\config\\database.js:4:12)\n    at Module._compile (internal/modules/cjs/loader.js:1068:30)\n    at Object.Module._extensions..js (internal/modules/cjs/loader.js:1097:10)\n    at Module.load (internal/modules/cjs/loader.js:933:32)\n    at Function.Module._load (internal/modules/cjs/loader.js:774:14)\n    at Module.require (internal/modules/cjs/loader.js:957:19)\n    at require (internal/modules/cjs/helpers.js:88:18)\n    at Object.<anonymous> (F:\\learning vue js\\kda\\kda-register-with-backend\\app.js:10:18)\n    at Module._compile (internal/modules/cjs/loader.js:1068:30)\n    at Object.Module._extensions..js (internal/modules/cjs/loader.js:1097:10)","timestamp":"2021-11-20T15:02:36.111Z","trace":[{"column":12,"file":"F:\\learning vue js\\kda\\kda-register-with-backend\\config\\database.js","function":null,"line":4,"method":null,"native":false},{"column":30,"file":"internal/modules/cjs/loader.js","function":"Module._compile","line":1068,"method":"_compile","native":false},{"column":10,"file":"internal/modules/cjs/loader.js","function":"Module._extensions..js","line":1097,"method":".js","native":false},{"column":32,"file":"internal/modules/cjs/loader.js","function":"Module.load","line":933,"method":"load","native":false},{"column":14,"file":"internal/modules/cjs/loader.js","function":"Module._load","line":774,"method":"_load","native":false},{"column":19,"file":"internal/modules/cjs/loader.js","function":"Module.require","line":957,"method":"require","native":false},{"column":18,"file":"internal/modules/cjs/helpers.js","function":"require","line":88,"method":null,"native":false},{"column":18,"file":"F:\\learning vue js\\kda\\kda-register-with-backend\\app.js","function":null,"line":10,"method":null,"native":false},{"column":30,"file":"internal/modules/cjs/loader.js","function":"Module._compile","line":1068,"method":"_compile","native":false},{"column":10,"file":"internal/modules/cjs/loader.js","function":"Module._extensions..js","line":1097,"method":".js","native":false}]}
info: Connected to the database. {"timestamp":"2021-11-20T15:09:15.995Z"}
info: Connected to the database. {"timestamp":"2021-11-20T15:10:35.315Z"}
info: Connected to the database. {"timestamp":"2021-11-20T15:11:22.295Z"}
info: Connected to the database. {"timestamp":"2021-11-20T15:24:59.901Z"}
info: Connected to the database. {"timestamp":"2021-11-20T15:25:14.968Z"}
info: Connected to the database. {"timestamp":"2021-11-20T15:26:18.875Z"}
info: Connected to the database. {"timestamp":"2021-11-20T15:33:42.064Z"}
info: Connected to the database. {"timestamp":"2021-11-20T15:34:16.567Z"}
info: Connected to the database. {"timestamp":"2021-11-20T15:43:33.634Z"}
info: Connected to the database. {"timestamp":"2021-11-20T16:31:28.955Z"}
info: Connected to the database. {"timestamp":"2021-11-20T16:37:52.412Z"}
info: Connected to the database. {"timestamp":"2021-11-20T16:46:36.259Z"}
info: Connected to the database. {"timestamp":"2021-11-20T16:46:56.361Z"}
info: Connected to the database. {"timestamp":"2021-11-20T16:51:32.993Z"}
info: Connected to the database. {"timestamp":"2021-11-20T16:56:00.938Z"}
info: Connected to the database. {"timestamp":"2021-11-20T16:58:17.336Z"}
info: Connected to the database. {"timestamp":"2021-11-20T16:59:46.638Z"}
info: Connected to the database. {"timestamp":"2021-11-20T17:00:42.957Z"}
info: Connected to the database. {"timestamp":"2021-11-20T17:26:39.975Z"}
info: Connected to the database. {"timestamp":"2021-11-20T17:42:38.147Z"}
info: Connected to the database. {"timestamp":"2021-11-20T17:46:59.876Z"}
info: Connected to the database. {"timestamp":"2021-11-20T17:47:25.212Z"}
info: Connected to the database. {"timestamp":"2021-11-20T17:47:37.798Z"}
info: Connected to the database. {"timestamp":"2021-11-20T17:49:04.041Z"}
info: Connected to the database. {"timestamp":"2021-11-20T17:50:08.214Z"}
info: Connected to the database. {"timestamp":"2021-11-20T17:50:58.677Z"}
info: Connected to the database. {"timestamp":"2021-11-20T18:00:01.106Z"}
info: Connected to the database. {"timestamp":"2021-11-20T18:03:04.154Z"}
info: Connected to the database. {"timestamp":"2021-11-20T18:09:30.650Z"}
info: Connected to the database. {"timestamp":"2021-11-20T18:12:03.203Z"}
info: Connected to the database. {"timestamp":"2021-11-20T18:13:50.931Z"}
info: Connected to the database. {"timestamp":"2021-11-20T18:17:03.856Z"}
info: Connected to the database. {"timestamp":"2021-11-20T18:18:52.582Z"}
info: Connected to the database. {"timestamp":"2021-11-20T18:20:52.773Z"}
info: Connected to the database. {"timestamp":"2021-11-20T18:23:47.693Z"}
info: Connected to the database. {"timestamp":"2021-11-20T18:28:28.477Z"}
info: Connected to the database. {"timestamp":"2021-11-20T18:29:26.225Z"}
info: Connected to the database. {"timestamp":"2021-11-20T18:29:39.321Z"}
info: Connected to the database. {"timestamp":"2021-11-20T18:36:12.847Z"}
info: Connected to the database. {"timestamp":"2021-11-20T18:36:26.354Z"}
info: Connected to the database. {"timestamp":"2021-11-20T18:38:08.856Z"}
info: Connected to the database. {"timestamp":"2021-11-20T18:42:34.974Z"}
info: Connected to the database. {"timestamp":"2021-11-20T18:42:49.389Z"}
info: Connected to the database. {"timestamp":"2021-11-20T18:43:19.132Z"}
info: Connected to the database. {"timestamp":"2021-11-20T18:44:00.954Z"}
info: Connected to the database. {"timestamp":"2021-11-20T18:45:13.937Z"}
info: Connected to the database. {"timestamp":"2021-11-20T18:47:01.737Z"}
info: Connected to the database. {"timestamp":"2021-11-20T18:49:09.920Z"}
info: Connected to the database. {"timestamp":"2021-11-20T18:49:26.986Z"}
info: Connected to the database. {"timestamp":"2021-11-20T18:49:33.667Z"}
info: Connected to the database. {"timestamp":"2021-11-20T18:50:19.512Z"}
info: Connected to the database. {"timestamp":"2021-11-20T18:50:44.037Z"}
info: Connected to the database. {"timestamp":"2021-11-20T18:50:48.334Z"}
info: Connected to the database. {"timestamp":"2021-11-20T18:54:41.458Z"}
info: Connected to the database. {"timestamp":"2021-11-20T18:55:15.891Z"}
info: Connected to the database. {"timestamp":"2021-11-20T18:57:08.677Z"}
info: Connected to the database. {"timestamp":"2021-11-20T18:57:34.266Z"}
info: Connected to the database. {"timestamp":"2021-11-20T18:59:23.460Z"}
info: Connected to the database. {"timestamp":"2021-11-20T19:06:10.435Z"}
info: Connected to the database. {"timestamp":"2021-11-20T19:07:07.374Z"}
info: Connected to the database. {"timestamp":"2021-11-20T19:08:35.474Z"}
info: Connected to the database. {"timestamp":"2021-11-20T19:09:18.209Z"}
info: Connected to the database. {"timestamp":"2021-11-20T19:09:31.934Z"}
info: Connected to the database. {"timestamp":"2021-11-20T19:14:34.741Z"}
info: Connected to the database. {"timestamp":"2021-11-20T19:17:07.566Z"}
info: Connected to the database. {"timestamp":"2021-11-20T19:18:20.439Z"}
info: Connected to the database. {"timestamp":"2021-11-20T19:22:05.566Z"}
info: Connected to the database. {"timestamp":"2021-11-20T19:22:11.251Z"}
info: Connected to the database. {"timestamp":"2021-11-20T19:24:19.520Z"}
info: Connected to the database. {"timestamp":"2021-11-20T20:09:57.951Z"}
info: Connected to the database. {"timestamp":"2021-11-20T20:14:35.910Z"}
info: Connected to the database. {"timestamp":"2021-11-20T20:15:06.244Z"}
info: Connected to the database. {"timestamp":"2021-11-20T20:17:24.157Z"}
info: Connected to the database. {"timestamp":"2021-11-20T20:18:07.810Z"}
info: Connected to the database. {"timestamp":"2021-11-20T20:21:14.694Z"}
info: Connected to the database. {"timestamp":"2021-11-20T20:22:41.452Z"}
info: Connected to the database. {"timestamp":"2021-11-20T20:38:36.556Z"}
info: Connected to the database. {"timestamp":"2021-11-20T20:38:59.598Z"}
info: Connected to the database. {"timestamp":"2021-11-20T20:39:10.811Z"}
info: Connected to the database. {"timestamp":"2021-11-20T20:40:59.169Z"}
info: Connected to the database. {"timestamp":"2021-11-20T20:42:43.703Z"}
info: Connected to the database. {"timestamp":"2021-11-20T20:44:15.924Z"}
info: Connected to the database. {"timestamp":"2021-11-20T20:46:03.515Z"}
info: Connected to the database. {"timestamp":"2021-11-20T20:53:30.995Z"}
info: Connected to the database. {"timestamp":"2021-11-20T21:12:53.775Z"}
error: uncaughtException: onServerListening is not defined
ReferenceError: onServerListening is not defined
    at Object.<anonymous> (F:\learning vue js\kda\kda-register-with-backend\bin\www:29:46)
    at Module._compile (internal/modules/cjs/loader.js:1068:30)
    at Object.Module._extensions..js (internal/modules/cjs/loader.js:1097:10)
    at Module.load (internal/modules/cjs/loader.js:933:32)
    at Function.Module._load (internal/modules/cjs/loader.js:774:14)
    at Function.executeUserEntryPoint [as runMain] (internal/modules/run_main.js:72:12)
    at internal/main/run_main_module.js:17:47 {"date":"Sun Nov 21 2021 03:14:05 GMT+0600 (Bangladesh Standard Time)","error":{},"exception":true,"os":{"loadavg":[0,0,0],"uptime":47770},"process":{"argv":["C:\\Program Files\\nodejs\\node.exe","F:\\learning vue js\\kda\\kda-register-with-backend\\bin\\www"],"cwd":"F:\\learning vue js\\kda\\kda-register-with-backend","execPath":"C:\\Program Files\\nodejs\\node.exe","gid":null,"memoryUsage":{"arrayBuffers":18699713,"external":20295179,"heapTotal":33693696,"heapUsed":20269152,"rss":60809216},"pid":14668,"uid":null,"version":"v14.17.0"},"stack":"ReferenceError: onServerListening is not defined\n    at Object.<anonymous> (F:\\learning vue js\\kda\\kda-register-with-backend\\bin\\www:29:46)\n    at Module._compile (internal/modules/cjs/loader.js:1068:30)\n    at Object.Module._extensions..js (internal/modules/cjs/loader.js:1097:10)\n    at Module.load (internal/modules/cjs/loader.js:933:32)\n    at Function.Module._load (internal/modules/cjs/loader.js:774:14)\n    at Function.executeUserEntryPoint [as runMain] (internal/modules/run_main.js:72:12)\n    at internal/main/run_main_module.js:17:47","timestamp":"2021-11-20T21:14:05.525Z","trace":[{"column":46,"file":"F:\\learning vue js\\kda\\kda-register-with-backend\\bin\\www","function":null,"line":29,"method":null,"native":false},{"column":30,"file":"internal/modules/cjs/loader.js","function":"Module._compile","line":1068,"method":"_compile","native":false},{"column":10,"file":"internal/modules/cjs/loader.js","function":"Module._extensions..js","line":1097,"method":".js","native":false},{"column":32,"file":"internal/modules/cjs/loader.js","function":"Module.load","line":933,"method":"load","native":false},{"column":14,"file":"internal/modules/cjs/loader.js","function":"Module._load","line":774,"method":"_load","native":false},{"column":12,"file":"internal/modules/run_main.js","function":"Function.executeUserEntryPoint [as runMain]","line":72,"method":"executeUserEntryPoint [as runMain]","native":false},{"column":47,"file":"internal/main/run_main_module.js","function":null,"line":17,"method":null,"native":false}]}
error: uncaughtException: getaddrinfo ENOTFOUND 127.0.0.1/kda-register
Error: getaddrinfo ENOTFOUND 127.0.0.1/kda-register
    at GetAddrInfoReqWrap.onlookup [as oncomplete] (dns.js:67:26) {"date":"Sun Nov 21 2021 03:17:40 GMT+0600 (Bangladesh Standard Time)","error":{"code":"ENOTFOUND","errno":-3008,"hostname":"127.0.0.1/kda-register","syscall":"getaddrinfo"},"exception":true,"os":{"loadavg":[0,0,0],"uptime":47985},"process":{"argv":["C:\\Program Files\\nodejs\\node.exe","F:\\learning vue js\\kda\\kda-register-with-backend\\bin\\www"],"cwd":"F:\\learning vue js\\kda\\kda-register-with-backend","execPath":"C:\\Program Files\\nodejs\\node.exe","gid":null,"memoryUsage":{"arrayBuffers":18721614,"external":20317080,"heapTotal":33693696,"heapUsed":20477048,"rss":60780544},"pid":2592,"uid":null,"version":"v14.17.0"},"stack":"Error: getaddrinfo ENOTFOUND 127.0.0.1/kda-register\n    at GetAddrInfoReqWrap.onlookup [as oncomplete] (dns.js:67:26)","timestamp":"2021-11-20T21:17:40.925Z","trace":[{"column":26,"file":"dns.js","function":"GetAddrInfoReqWrap.onlookup [as oncomplete]","line":67,"method":"onlookup [as oncomplete]","native":false}]}
error: uncaughtException: server._listen2 is not a function
TypeError: server._listen2 is not a function
    at listenInCluster (net.js:1366:12)
    at String.Server.listen (net.js:1452:7)
    at Object.<anonymous> (F:\learning vue js\kda\kda-register-with-backend\bin\www:30:15)
    at Module._compile (internal/modules/cjs/loader.js:1068:30)
    at Object.Module._extensions..js (internal/modules/cjs/loader.js:1097:10)
    at Module.load (internal/modules/cjs/loader.js:933:32)
    at Function.Module._load (internal/modules/cjs/loader.js:774:14)
    at Function.executeUserEntryPoint [as runMain] (internal/modules/run_main.js:72:12)
    at internal/main/run_main_module.js:17:47 {"date":"Sun Nov 21 2021 03:20:10 GMT+0600 (Bangladesh Standard Time)","error":{},"exception":true,"os":{"loadavg":[0,0,0],"uptime":48134},"process":{"argv":["C:\\Program Files\\nodejs\\node.exe","F:\\learning vue js\\kda\\kda-register-with-backend\\bin\\www"],"cwd":"F:\\learning vue js\\kda\\kda-register-with-backend","execPath":"C:\\Program Files\\nodejs\\node.exe","gid":null,"memoryUsage":{"arrayBuffers":19038705,"external":20653454,"heapTotal":32907264,"heapUsed":23527488,"rss":59604992},"pid":17640,"uid":null,"version":"v14.17.0"},"stack":"TypeError: server._listen2 is not a function\n    at listenInCluster (net.js:1366:12)\n    at String.Server.listen (net.js:1452:7)\n    at Object.<anonymous> (F:\\learning vue js\\kda\\kda-register-with-backend\\bin\\www:30:15)\n    at Module._compile (internal/modules/cjs/loader.js:1068:30)\n    at Object.Module._extensions..js (internal/modules/cjs/loader.js:1097:10)\n    at Module.load (internal/modules/cjs/loader.js:933:32)\n    at Function.Module._load (internal/modules/cjs/loader.js:774:14)\n    at Function.executeUserEntryPoint [as runMain] (internal/modules/run_main.js:72:12)\n    at internal/main/run_main_module.js:17:47","timestamp":"2021-11-20T21:20:10.054Z","trace":[{"column":12,"file":"net.js","function":"listenInCluster","line":1366,"method":null,"native":false},{"column":7,"file":"net.js","function":"String.Server.listen","line":1452,"method":"listen","native":false},{"column":15,"file":"F:\\learning vue js\\kda\\kda-register-with-backend\\bin\\www","function":null,"line":30,"method":null,"native":false},{"column":30,"file":"internal/modules/cjs/loader.js","function":"Module._compile","line":1068,"method":"_compile","native":false},{"column":10,"file":"internal/modules/cjs/loader.js","function":"Module._extensions..js","line":1097,"method":".js","native":false},{"column":32,"file":"internal/modules/cjs/loader.js","function":"Module.load","line":933,"method":"load","native":false},{"column":14,"file":"internal/modules/cjs/loader.js","function":"Module._load","line":774,"method":"_load","native":false},{"column":12,"file":"internal/modules/run_main.js","function":"Function.executeUserEntryPoint [as runMain]","line":72,"method":"executeUserEntryPoint [as runMain]","native":false},{"column":47,"file":"internal/main/run_main_module.js","function":null,"line":17,"method":null,"native":false}]}
error: uncaughtException: Cannot read property 'port' of null
TypeError: Cannot read property 'port' of null
    at Server.onListening (F:\learning vue js\kda\kda-register-with-backend\bin\www:95:22)
    at Server.emit (events.js:388:22)
    at emitListeningNT (net.js:1352:10)
    at processTicksAndRejections (internal/process/task_queues.js:81:21) {"date":"Sun Nov 21 2021 03:23:16 GMT+0600 (Bangladesh Standard Time)","error":{},"exception":true,"os":{"loadavg":[0,0,0],"uptime":48321},"process":{"argv":["C:\\Program Files\\nodejs\\node.exe","F:\\learning vue js\\kda\\kda-register-with-backend\\bin\\www"],"cwd":"F:\\learning vue js\\kda\\kda-register-with-backend","execPath":"C:\\Program Files\\nodejs\\node.exe","gid":null,"memoryUsage":{"arrayBuffers":18698350,"external":20313099,"heapTotal":33955840,"heapUsed":20411552,"rss":61218816},"pid":29220,"uid":null,"version":"v14.17.0"},"stack":"TypeError: Cannot read property 'port' of null\n    at Server.onListening (F:\\learning vue js\\kda\\kda-register-with-backend\\bin\\www:95:22)\n    at Server.emit (events.js:388:22)\n    at emitListeningNT (net.js:1352:10)\n    at processTicksAndRejections (internal/process/task_queues.js:81:21)","timestamp":"2021-11-20T21:23:16.986Z","trace":[{"column":22,"file":"F:\\learning vue js\\kda\\kda-register-with-backend\\bin\\www","function":"Server.onListening","line":95,"method":"onListening","native":false},{"column":22,"file":"events.js","function":"Server.emit","line":388,"method":"emit","native":false},{"column":10,"file":"net.js","function":"emitListeningNT","line":1352,"method":null,"native":false},{"column":21,"file":"internal/process/task_queues.js","function":"processTicksAndRejections","line":81,"method":null,"native":false}]}
