error: uncaughtException: logger is not a constructor
TypeError: logger is not a constructor
    at Object.<anonymous> (F:\learning vue js\kda\kda-register-with-backend\config\database.js:4:12)
    at Module._compile (internal/modules/cjs/loader.js:1068:30)
    at Object.Module._extensions..js (internal/modules/cjs/loader.js:1097:10)
    at Module.load (internal/modules/cjs/loader.js:933:32)
    at Function.Module._load (internal/modules/cjs/loader.js:774:14)
    at Module.require (internal/modules/cjs/loader.js:957:19)
    at require (internal/modules/cjs/helpers.js:88:18)
    at Object.<anonymous> (F:\learning vue js\kda\kda-register-with-backend\app.js:10:18)
    at Module._compile (internal/modules/cjs/loader.js:1068:30)
    at Object.Module._extensions..js (internal/modules/cjs/loader.js:1097:10) {"date":"Sat Nov 20 2021 21:02:26 GMT+0600 (Bangladesh Standard Time)","error":{},"exception":true,"os":{"loadavg":[0,0,0],"uptime":25471},"process":{"argv":["C:\\Program Files\\nodejs\\node.exe","F:\\learning vue js\\kda\\kda-register-with-backend\\bin\\www"],"cwd":"F:\\learning vue js\\kda\\kda-register-with-backend","execPath":"C:\\Program Files\\nodejs\\node.exe","gid":null,"memoryUsage":{"arrayBuffers":18687701,"external":20283207,"heapTotal":33693696,"heapUsed":19561400,"rss":60350464},"pid":6420,"uid":null,"version":"v14.17.0"},"stack":"TypeError: logger is not a constructor\n    at Object.<anonymous> (F:\\learning vue js\\kda\\kda-register-with-backend\\config\\database.js:4:12)\n    at Module._compile (internal/modules/cjs/loader.js:1068:30)\n    at Object.Module._extensions..js (internal/modules/cjs/loader.js:1097:10)\n    at Module.load (internal/modules/cjs/loader.js:933:32)\n    at Function.Module._load (internal/modules/cjs/loader.js:774:14)\n    at Module.require (internal/modules/cjs/loader.js:957:19)\n    at require (internal/modules/cjs/helpers.js:88:18)\n    at Object.<anonymous> (F:\\learning vue js\\kda\\kda-register-with-backend\\app.js:10:18)\n    at Module._compile (internal/modules/cjs/loader.js:1068:30)\n    at Object.Module._extensions..js (internal/modules/cjs/loader.js:1097:10)","trace":[{"column":12,"file":"F:\\learning vue js\\kda\\kda-register-with-backend\\config\\database.js","function":null,"line":4,"method":null,"native":false},{"column":30,"file":"internal/modules/cjs/loader.js","function":"Module._compile","line":1068,"method":"_compile","native":false},{"column":10,"file":"internal/modules/cjs/loader.js","function":"Module._extensions..js","line":1097,"method":".js","native":false},{"column":32,"file":"internal/modules/cjs/loader.js","function":"Module.load","line":933,"method":"load","native":false},{"column":14,"file":"internal/modules/cjs/loader.js","function":"Module._load","line":774,"method":"_load","native":false},{"column":19,"file":"internal/modules/cjs/loader.js","function":"Module.require","line":957,"method":"require","native":false},{"column":18,"file":"internal/modules/cjs/helpers.js","function":"require","line":88,"method":null,"native":false},{"column":18,"file":"F:\\learning vue js\\kda\\kda-register-with-backend\\app.js","function":null,"line":10,"method":null,"native":false},{"column":30,"file":"internal/modules/cjs/loader.js","function":"Module._compile","line":1068,"method":"_compile","native":false},{"column":10,"file":"internal/modules/cjs/loader.js","function":"Module._extensions..js","line":1097,"method":".js","native":false}]}
error: uncaughtException: logger is not a constructor
TypeError: logger is not a constructor
    at Object.<anonymous> (F:\learning vue js\kda\kda-register-with-backend\config\database.js:4:12)
    at Module._compile (internal/modules/cjs/loader.js:1068:30)
    at Object.Module._extensions..js (internal/modules/cjs/loader.js:1097:10)
    at Module.load (internal/modules/cjs/loader.js:933:32)
    at Function.Module._load (internal/modules/cjs/loader.js:774:14)
    at Module.require (internal/modules/cjs/loader.js:957:19)
    at require (internal/modules/cjs/helpers.js:88:18)
    at Object.<anonymous> (F:\learning vue js\kda\kda-register-with-backend\app.js:10:18)
    at Module._compile (internal/modules/cjs/loader.js:1068:30)
    at Object.Module._extensions..js (internal/modules/cjs/loader.js:1097:10) {"date":"Sat Nov 20 2021 21:02:36 GMT+0600 (Bangladesh Standard Time)","error":{},"exception":true,"os":{"loadavg":[0,0,0],"uptime":25480},"process":{"argv":["C:\\Program Files\\nodejs\\node.exe","F:\\learning vue js\\kda\\kda-register-with-backend\\bin\\www"],"cwd":"F:\\learning vue js\\kda\\kda-register-with-backend","execPath":"C:\\Program Files\\nodejs\\node.exe","gid":null,"memoryUsage":{"arrayBuffers":18696338,"external":20291844,"heapTotal":33431552,"heapUsed":19803656,"rss":59445248},"pid":1664,"uid":null,"version":"v14.17.0"},"stack":"TypeError: logger is not a constructor\n    at Object.<anonymous> (F:\\learning vue js\\kda\\kda-register-with-backend\\config\\database.js:4:12)\n    at Module._compile (internal/modules/cjs/loader.js:1068:30)\n    at Object.Module._extensions..js (internal/modules/cjs/loader.js:1097:10)\n    at Module.load (internal/modules/cjs/loader.js:933:32)\n    at Function.Module._load (internal/modules/cjs/loader.js:774:14)\n    at Module.require (internal/modules/cjs/loader.js:957:19)\n    at require (internal/modules/cjs/helpers.js:88:18)\n    at Object.<anonymous> (F:\\learning vue js\\kda\\kda-register-with-backend\\app.js:10:18)\n    at Module._compile (internal/modules/cjs/loader.js:1068:30)\n    at Object.Module._extensions..js (internal/modules/cjs/loader.js:1097:10)","trace":[{"column":12,"file":"F:\\learning vue js\\kda\\kda-register-with-backend\\config\\database.js","function":null,"line":4,"method":null,"native":false},{"column":30,"file":"internal/modules/cjs/loader.js","function":"Module._compile","line":1068,"method":"_compile","native":false},{"column":10,"file":"internal/modules/cjs/loader.js","function":"Module._extensions..js","line":1097,"method":".js","native":false},{"column":32,"file":"internal/modules/cjs/loader.js","function":"Module.load","line":933,"method":"load","native":false},{"column":14,"file":"internal/modules/cjs/loader.js","function":"Module._load","line":774,"method":"_load","native":false},{"column":19,"file":"internal/modules/cjs/loader.js","function":"Module.require","line":957,"method":"require","native":false},{"column":18,"file":"internal/modules/cjs/helpers.js","function":"require","line":88,"method":null,"native":false},{"column":18,"file":"F:\\learning vue js\\kda\\kda-register-with-backend\\app.js","function":null,"line":10,"method":null,"native":false},{"column":30,"file":"internal/modules/cjs/loader.js","function":"Module._compile","line":1068,"method":"_compile","native":false},{"column":10,"file":"internal/modules/cjs/loader.js","function":"Module._extensions..js","line":1097,"method":".js","native":false}]}
error: uncaughtException: onServerListening is not defined
ReferenceError: onServerListening is not defined
    at Object.<anonymous> (F:\learning vue js\kda\kda-register-with-backend\bin\www:29:46)
    at Module._compile (internal/modules/cjs/loader.js:1068:30)
    at Object.Module._extensions..js (internal/modules/cjs/loader.js:1097:10)
    at Module.load (internal/modules/cjs/loader.js:933:32)
    at Function.Module._load (internal/modules/cjs/loader.js:774:14)
    at Function.executeUserEntryPoint [as runMain] (internal/modules/run_main.js:72:12)
    at internal/main/run_main_module.js:17:47 {"date":"Sun Nov 21 2021 03:14:05 GMT+0600 (Bangladesh Standard Time)","error":{},"exception":true,"os":{"loadavg":[0,0,0],"uptime":47770},"process":{"argv":["C:\\Program Files\\nodejs\\node.exe","F:\\learning vue js\\kda\\kda-register-with-backend\\bin\\www"],"cwd":"F:\\learning vue js\\kda\\kda-register-with-backend","execPath":"C:\\Program Files\\nodejs\\node.exe","gid":null,"memoryUsage":{"arrayBuffers":18707929,"external":20303435,"heapTotal":33693696,"heapUsed":20387328,"rss":61452288},"pid":14668,"uid":null,"version":"v14.17.0"},"stack":"ReferenceError: onServerListening is not defined\n    at Object.<anonymous> (F:\\learning vue js\\kda\\kda-register-with-backend\\bin\\www:29:46)\n    at Module._compile (internal/modules/cjs/loader.js:1068:30)\n    at Object.Module._extensions..js (internal/modules/cjs/loader.js:1097:10)\n    at Module.load (internal/modules/cjs/loader.js:933:32)\n    at Function.Module._load (internal/modules/cjs/loader.js:774:14)\n    at Function.executeUserEntryPoint [as runMain] (internal/modules/run_main.js:72:12)\n    at internal/main/run_main_module.js:17:47","trace":[{"column":46,"file":"F:\\learning vue js\\kda\\kda-register-with-backend\\bin\\www","function":null,"line":29,"method":null,"native":false},{"column":30,"file":"internal/modules/cjs/loader.js","function":"Module._compile","line":1068,"method":"_compile","native":false},{"column":10,"file":"internal/modules/cjs/loader.js","function":"Module._extensions..js","line":1097,"method":".js","native":false},{"column":32,"file":"internal/modules/cjs/loader.js","function":"Module.load","line":933,"method":"load","native":false},{"column":14,"file":"internal/modules/cjs/loader.js","function":"Module._load","line":774,"method":"_load","native":false},{"column":12,"file":"internal/modules/run_main.js","function":"Function.executeUserEntryPoint [as runMain]","line":72,"method":"executeUserEntryPoint [as runMain]","native":false},{"column":47,"file":"internal/main/run_main_module.js","function":null,"line":17,"method":null,"native":false}]}
error: uncaughtException: getaddrinfo ENOTFOUND 127.0.0.1/kda-register
Error: getaddrinfo ENOTFOUND 127.0.0.1/kda-register
    at GetAddrInfoReqWrap.onlookup [as oncomplete] (dns.js:67:26) {"date":"Sun Nov 21 2021 03:17:40 GMT+0600 (Bangladesh Standard Time)","error":{"code":"ENOTFOUND","errno":-3008,"hostname":"127.0.0.1/kda-register","syscall":"getaddrinfo"},"exception":true,"os":{"loadavg":[0,0,0],"uptime":47985},"process":{"argv":["C:\\Program Files\\nodejs\\node.exe","F:\\learning vue js\\kda\\kda-register-with-backend\\bin\\www"],"cwd":"F:\\learning vue js\\kda\\kda-register-with-backend","execPath":"C:\\Program Files\\nodejs\\node.exe","gid":null,"memoryUsage":{"arrayBuffers":18721638,"external":20317144,"heapTotal":33693696,"heapUsed":20573296,"rss":61542400},"pid":2592,"uid":null,"version":"v14.17.0"},"stack":"Error: getaddrinfo ENOTFOUND 127.0.0.1/kda-register\n    at GetAddrInfoReqWrap.onlookup [as oncomplete] (dns.js:67:26)","trace":[{"column":26,"file":"dns.js","function":"GetAddrInfoReqWrap.onlookup [as oncomplete]","line":67,"method":"onlookup [as oncomplete]","native":false}]}
error: uncaughtException: server._listen2 is not a function
TypeError: server._listen2 is not a function
    at listenInCluster (net.js:1366:12)
    at String.Server.listen (net.js:1452:7)
    at Object.<anonymous> (F:\learning vue js\kda\kda-register-with-backend\bin\www:30:15)
    at Module._compile (internal/modules/cjs/loader.js:1068:30)
    at Object.Module._extensions..js (internal/modules/cjs/loader.js:1097:10)
    at Module.load (internal/modules/cjs/loader.js:933:32)
    at Function.Module._load (internal/modules/cjs/loader.js:774:14)
    at Function.executeUserEntryPoint [as runMain] (internal/modules/run_main.js:72:12)
    at internal/main/run_main_module.js:17:47 {"date":"Sun Nov 21 2021 03:20:10 GMT+0600 (Bangladesh Standard Time)","error":{},"exception":true,"os":{"loadavg":[0,0,0],"uptime":48134},"process":{"argv":["C:\\Program Files\\nodejs\\node.exe","F:\\learning vue js\\kda\\kda-register-with-backend\\bin\\www"],"cwd":"F:\\learning vue js\\kda\\kda-register-with-backend","execPath":"C:\\Program Files\\nodejs\\node.exe","gid":null,"memoryUsage":{"arrayBuffers":19046921,"external":20661710,"heapTotal":32907264,"heapUsed":23650968,"rss":60379136},"pid":17640,"uid":null,"version":"v14.17.0"},"stack":"TypeError: server._listen2 is not a function\n    at listenInCluster (net.js:1366:12)\n    at String.Server.listen (net.js:1452:7)\n    at Object.<anonymous> (F:\\learning vue js\\kda\\kda-register-with-backend\\bin\\www:30:15)\n    at Module._compile (internal/modules/cjs/loader.js:1068:30)\n    at Object.Module._extensions..js (internal/modules/cjs/loader.js:1097:10)\n    at Module.load (internal/modules/cjs/loader.js:933:32)\n    at Function.Module._load (internal/modules/cjs/loader.js:774:14)\n    at Function.executeUserEntryPoint [as runMain] (internal/modules/run_main.js:72:12)\n    at internal/main/run_main_module.js:17:47","trace":[{"column":12,"file":"net.js","function":"listenInCluster","line":1366,"method":null,"native":false},{"column":7,"file":"net.js","function":"String.Server.listen","line":1452,"method":"listen","native":false},{"column":15,"file":"F:\\learning vue js\\kda\\kda-register-with-backend\\bin\\www","function":null,"line":30,"method":null,"native":false},{"column":30,"file":"internal/modules/cjs/loader.js","function":"Module._compile","line":1068,"method":"_compile","native":false},{"column":10,"file":"internal/modules/cjs/loader.js","function":"Module._extensions..js","line":1097,"method":".js","native":false},{"column":32,"file":"internal/modules/cjs/loader.js","function":"Module.load","line":933,"method":"load","native":false},{"column":14,"file":"internal/modules/cjs/loader.js","function":"Module._load","line":774,"method":"_load","native":false},{"column":12,"file":"internal/modules/run_main.js","function":"Function.executeUserEntryPoint [as runMain]","line":72,"method":"executeUserEntryPoint [as runMain]","native":false},{"column":47,"file":"internal/main/run_main_module.js","function":null,"line":17,"method":null,"native":false}]}
error: uncaughtException: Cannot read property 'port' of null
TypeError: Cannot read property 'port' of null
    at Server.onListening (F:\learning vue js\kda\kda-register-with-backend\bin\www:95:22)
    at Server.emit (events.js:388:22)
    at emitListeningNT (net.js:1352:10)
    at processTicksAndRejections (internal/process/task_queues.js:81:21) {"date":"Sun Nov 21 2021 03:23:16 GMT+0600 (Bangladesh Standard Time)","error":{},"exception":true,"os":{"loadavg":[0,0,0],"uptime":48321},"process":{"argv":["C:\\Program Files\\nodejs\\node.exe","F:\\learning vue js\\kda\\kda-register-with-backend\\bin\\www"],"cwd":"F:\\learning vue js\\kda\\kda-register-with-backend","execPath":"C:\\Program Files\\nodejs\\node.exe","gid":null,"memoryUsage":{"arrayBuffers":18698374,"external":20313163,"heapTotal":33955840,"heapUsed":20517592,"rss":61857792},"pid":29220,"uid":null,"version":"v14.17.0"},"stack":"TypeError: Cannot read property 'port' of null\n    at Server.onListening (F:\\learning vue js\\kda\\kda-register-with-backend\\bin\\www:95:22)\n    at Server.emit (events.js:388:22)\n    at emitListeningNT (net.js:1352:10)\n    at processTicksAndRejections (internal/process/task_queues.js:81:21)","trace":[{"column":22,"file":"F:\\learning vue js\\kda\\kda-register-with-backend\\bin\\www","function":"Server.onListening","line":95,"method":"onListening","native":false},{"column":22,"file":"events.js","function":"Server.emit","line":388,"method":"emit","native":false},{"column":10,"file":"net.js","function":"emitListeningNT","line":1352,"method":null,"native":false},{"column":21,"file":"internal/process/task_queues.js","function":"processTicksAndRejections","line":81,"method":null,"native":false}]}
